[March 28, 2023, 8:34 am UTC +0000] Value Should be less then 1
[March 28, 2023, 8:34 am UTC +0000] File NotExist
[March 28, 2023, 8:34 am UTC +0000] Undefined variable: test
[March 28, 2023, 8:37 am UTC +0000] Value Should be less then 1
[March 28, 2023, 8:37 am UTC +0000] File NotExist
[March 28, 2023, 8:37 am UTC +0000] Undefined variable: test
[March 28, 2023, 8:37 am UTC +0000] Value Should be less then 1
[March 28, 2023, 8:37 am UTC +0000] File NotExist
[March 28, 2023, 8:37 am UTC +0000] Undefined variable: test
[March 28, 2023, 8:37 am UTC +0000] Value Should be less then 1
[March 28, 2023, 8:37 am UTC +0000] File NotExist
[March 28, 2023, 8:37 am UTC +0000] Undefined variable: test
[March 28, 2023, 8:37 am UTC +0000] Value Should be less then 1
[March 28, 2023, 8:37 am UTC +0000] File NotExist
[March 28, 2023, 8:37 am UTC +0000] Undefined variable: test
[March 28, 2023, 8:37 am UTC +0000] Value Should be less then 1
[March 28, 2023, 8:37 am UTC +0000] Please Enter Only numbers
[March 28, 2023, 8:37 am UTC +0000] File NotExist
[March 28, 2023, 8:37 am UTC +0000] Undefined variable: test
[March 28, 2023, 8:37 am UTC +0000] Value Should be less then 1
[March 28, 2023, 8:37 am UTC +0000] Number should be less than or equal to 1
[March 28, 2023, 8:37 am UTC +0000] File NotExist
[March 28, 2023, 8:37 am UTC +0000] Undefined variable: test
[March 28, 2023, 8:38 am UTC +0000] Value Should be less then 1
[March 28, 2023, 8:38 am UTC +0000] File NotExist
[March 28, 2023, 8:38 am UTC +0000] Undefined variable: test
[March 28, 2023, 8:38 am UTC +0000] mysqli_connect(): (HY000/1049): Unknown database 'mko'
[March 28, 2023, 8:38 am UTC +0000] Database Not Found
[March 28, 2023, 8:38 am UTC +0000] Value Should be less then 1
[March 28, 2023, 8:38 am UTC +0000] File NotExist
[March 28, 2023, 8:38 am UTC +0000] Undefined variable: test
[March 28, 2023, 8:38 am UTC +0000] mysqli_connect(): (HY000/1049): Unknown database 'mko'
[March 28, 2023, 8:38 am UTC +0000] Database Not Found
[March 28, 2023, 9:36 am UTC +0000] Value Should be less then 1
[March 28, 2023, 9:36 am UTC +0000] File NotExist
[March 28, 2023, 9:36 am UTC +0000] Undefined variable: test
